<?xml version="1.0" encoding="UTF-8"?>
<!-- Generated by org.testng.reporters.JUnitReportReporter -->
<testsuite skipped="0" hostname="MGLT-CND6046GGC" name="org.thecollective.utils.JSONReader" tests="1" failures="0" timestamp="19 Dec 2018 05:51:56 GMT" time="0.269" errors="0">
  <testcase name="test1" time="0.269" classname="org.thecollective.utils.JSONReader"/>
</testsuite> <!-- org.thecollective.utils.JSONReader -->
