<?xml version="1.0" encoding="UTF-8"?>
<!-- Generated by org.testng.reporters.JUnitReportReporter -->
<testsuite skipped="1" hostname="MGLT-CND6046GGC" name="org.thecollective.modules.MyAccountModuleTest" tests="2" failures="0" timestamp="27 Feb 2019 05:47:16 GMT" time="25.935" errors="0">
  <testcase name="verifyLogoutFunInMyAccountPage" time="25.935" classname="org.thecollective.modules.MyAccountModuleTest"/>
  <testcase name="verifyChangePassword" classname="org.thecollective.modules.MyAccountModuleTest">
    <skipped/>
  </testcase> <!-- verifyChangePassword -->
</testsuite> <!-- org.thecollective.modules.MyAccountModuleTest -->
