<?xml version="1.0" encoding="UTF-8"?>
<!-- Generated by org.testng.reporters.JUnitReportReporter -->
<testsuite skipped="0" hostname="MGLT-CND6046GGC" name="org.thecollective.modules.PLPModuleTest" tests="1" failures="0" timestamp="17 Apr 2018 10:17:13 GMT" time="35.941" errors="0">
  <testcase name="verifyProductListPageSortByOptions" time="35.941" classname="org.thecollective.modules.PLPModuleTest"/>
</testsuite> <!-- org.thecollective.modules.PLPModuleTest -->
