<?xml version="1.0" encoding="UTF-8"?>
<!-- Generated by org.testng.reporters.JUnitReportReporter -->
<testsuite skipped="0" hostname="MGLT-CND6046GGC" name="org.thecollective.modules.PDPModuleTest" tests="4" failures="0" timestamp="05 Oct 2018 10:16:23 GMT" time="98.023" errors="0">
  <testcase name="verifyProductDetailsPageTest" time="15.722" classname="org.thecollective.modules.PDPModuleTest"/>
  <testcase name="verifyMyWishListFunctionality" time="37.620" classname="org.thecollective.modules.PDPModuleTest"/>
  <testcase name="verifyProductId" time="8.633" classname="org.thecollective.modules.PDPModuleTest"/>
  <testcase name="verifyMyWishListFunctionalityAfterLogin" time="36.048" classname="org.thecollective.modules.PDPModuleTest"/>
</testsuite> <!-- org.thecollective.modules.PDPModuleTest -->
