<?xml version="1.0" encoding="UTF-8"?>
<!-- Generated by org.testng.reporters.JUnitReportReporter -->
<testsuite skipped="0" hostname="MGLT-CND6046GGC" name="org.thecollective.modules.LoginModuleTest" tests="1" failures="0" timestamp="27 Feb 2019 05:47:16 GMT" time="7.908" errors="0">
  <testcase name="verifyLoginLinkInLandingPage" time="7.908" classname="org.thecollective.modules.LoginModuleTest"/>
</testsuite> <!-- org.thecollective.modules.LoginModuleTest -->
