<?xml version="1.0" encoding="UTF-8"?>
<!-- Generated by org.testng.reporters.JUnitReportReporter -->
<testsuite skipped="0" hostname="Thiruveedhi" name="org.thecollective.modules.BrandsModuleTest" tests="1" failures="0" timestamp="25 Jul 2017 07:39:00 GMT" time="1602.197" errors="0">
  <testcase name="verifyProductsForMeCategory" time="1602.197" classname="org.thecollective.modules.BrandsModuleTest"/>
</testsuite> <!-- org.thecollective.modules.BrandsModuleTest -->
