<?xml version="1.0" encoding="UTF-8"?>
<!-- Generated by org.testng.reporters.JUnitReportReporter -->
<testsuite skipped="0" hostname="MGLT-CND6046GGC" name="org.thecollective.modules.PDPModuleTest" tests="2" failures="0" timestamp="13 Nov 2018 06:51:39 GMT" time="72.179" errors="0">
  <testcase name="verifyMyWishListFunctionality" time="35.211" classname="org.thecollective.modules.PDPModuleTest"/>
  <testcase name="verifyMyWishListFunctionalityAfterLogin" time="36.968" classname="org.thecollective.modules.PDPModuleTest"/>
</testsuite> <!-- org.thecollective.modules.PDPModuleTest -->
