<?xml version="1.0" encoding="UTF-8"?>
<!-- Generated by org.testng.reporters.JUnitReportReporter -->
<testsuite skipped="0" hostname="MGLT-CND6046GGC" name="org.thecollective.pageobjects.brands.BDirectoryMasterCall" tests="1" failures="0" timestamp="30 Mar 2018 06:36:08 GMT" time="8.689" errors="0">
  <testcase name="bDirectory" time="8.689" classname="org.thecollective.pageobjects.brands.BDirectoryMasterCall"/>
</testsuite> <!-- org.thecollective.pageobjects.brands.BDirectoryMasterCall -->
