<?xml version="1.0" encoding="UTF-8"?>
<!-- Generated by org.testng.reporters.JUnitReportReporter -->
<testsuite skipped="0" hostname="Thiruveedhi" name="org.thecollective.modules.CheckoutModuleTest" tests="2" failures="0" timestamp="19 Jul 2017 05:01:25 GMT" time="185.306" errors="0">
  <testcase name="veryfyRemoveProductsTest" time="65.616" classname="org.thecollective.modules.CheckoutModuleTest"/>
  <testcase name="verifyOrderPlacementByCod" time="119.690" classname="org.thecollective.modules.CheckoutModuleTest"/>
</testsuite> <!-- org.thecollective.modules.CheckoutModuleTest -->
