<?xml version="1.0" encoding="UTF-8"?>
<!-- Generated by org.testng.reporters.JUnitReportReporter -->
<testsuite skipped="0" hostname="MGLT-CND6046GGC" name="org.thecollective.modules.APICallForTC" tests="1" failures="0" timestamp="17 Aug 2018 08:39:37 GMT" time="0.000" errors="1">
  <testcase name="fetchProductPrice" time="0.000" classname="org.thecollective.modules.APICallForTC">
    <error type="org.testng.TestNGException" message="
Method public void org.thecollective.modules.APICallForTC.fetchProductPrice() throws java.io.IOException,java.lang.Exception requires a @DataProvider named : MRPDataProvider in class org.thecollective.dataprovider.DataDrivenTestingFromExcel">
      <![CDATA[org.testng.TestNGException: 
Method public void org.thecollective.modules.APICallForTC.fetchProductPrice() throws java.io.IOException,java.lang.Exception requires a @DataProvider named : MRPDataProvider in class org.thecollective.dataprovider.DataDrivenTestingFromExcel
at org.testng.internal.Parameters.findDataProvider(Parameters.java:513)
at org.testng.internal.Parameters.handleParameters(Parameters.java:691)
at org.testng.internal.ParameterHandler.handleParameters(ParameterHandler.java:49)
at org.testng.internal.ParameterHandler.createParameters(ParameterHandler.java:37)
at org.testng.internal.Invoker.invokeTestMethods(Invoker.java:923)
at org.testng.internal.TestMethodWorker.invokeTestMethods(TestMethodWorker.java:125)
at org.testng.internal.TestMethodWorker.run(TestMethodWorker.java:109)
at org.testng.TestRunner.privateRun(TestRunner.java:648)
at org.testng.TestRunner.run(TestRunner.java:505)
at org.testng.SuiteRunner.runTest(SuiteRunner.java:455)
at org.testng.SuiteRunner.runSequentially(SuiteRunner.java:450)
at org.testng.SuiteRunner.privateRun(SuiteRunner.java:415)
at org.testng.SuiteRunner.run(SuiteRunner.java:364)
at org.testng.SuiteRunnerWorker.runSuite(SuiteRunnerWorker.java:52)
at org.testng.SuiteRunnerWorker.run(SuiteRunnerWorker.java:84)
at org.testng.TestNG.runSuitesSequentially(TestNG.java:1208)
at org.testng.TestNG.runSuitesLocally(TestNG.java:1137)
at org.testng.TestNG.runSuites(TestNG.java:1049)
at org.testng.TestNG.run(TestNG.java:1017)
at org.testng.remote.AbstractRemoteTestNG.run(AbstractRemoteTestNG.java:114)
at org.testng.remote.RemoteTestNG.initAndRun(RemoteTestNG.java:251)
at org.testng.remote.RemoteTestNG.main(RemoteTestNG.java:77)
]]>
    </error>
  </testcase> <!-- fetchProductPrice -->
</testsuite> <!-- org.thecollective.modules.APICallForTC -->
