<?xml version="1.0" encoding="UTF-8"?>
<!-- Generated by org.testng.reporters.JUnitReportReporter -->
<testsuite skipped="0" hostname="MGLT-CND6046GGC" name="org.thecollective.modules.LoginModuleTest" tests="1" failures="0" timestamp="21 Jan 2019 06:26:23 GMT" time="6.442" errors="0">
  <testcase name="verifyLoginLinkInLandingPage" time="6.442" classname="org.thecollective.modules.LoginModuleTest"/>
</testsuite> <!-- org.thecollective.modules.LoginModuleTest -->
