<?xml version="1.0" encoding="UTF-8"?>
<!-- Generated by org.testng.reporters.JUnitReportReporter -->
<testsuite skipped="1" hostname="MGLT-CND6046GGC" name="org.thecollective.modules.MyAccountModuleTest" tests="7" failures="0" timestamp="05 Oct 2018 10:16:23 GMT" time="105.297" errors="0">
  <testcase name="verifyMyOrdersPage" time="17.564" classname="org.thecollective.modules.MyAccountModuleTest"/>
  <testcase name="verifySavedItems" time="17.239" classname="org.thecollective.modules.MyAccountModuleTest"/>
  <testcase name="verifyUpdateAddress" time="18.314" classname="org.thecollective.modules.MyAccountModuleTest"/>
  <testcase name="verifyMyOrdersPageTabs" time="17.522" classname="org.thecollective.modules.MyAccountModuleTest"/>
  <testcase name="verifyMyAccountPage" time="17.556" classname="org.thecollective.modules.MyAccountModuleTest"/>
  <testcase name="verifyLogoutFunInMyAccountPage" time="17.102" classname="org.thecollective.modules.MyAccountModuleTest"/>
  <testcase name="verifyChangePassword" classname="org.thecollective.modules.MyAccountModuleTest">
    <skipped/>
  </testcase> <!-- verifyChangePassword -->
</testsuite> <!-- org.thecollective.modules.MyAccountModuleTest -->
