<?xml version="1.0" encoding="UTF-8"?>
<!-- Generated by org.testng.reporters.JUnitReportReporter -->
<testsuite skipped="0" hostname="Thiruveedhi" name="org.thecollective.modules.HomePageModuleTest" tests="1" failures="0" timestamp="19 Jul 2017 09:45:01 GMT" time="38.344" errors="0">
  <testcase name="verifyFooterLinksFunctionality" time="38.344" classname="org.thecollective.modules.HomePageModuleTest"/>
</testsuite> <!-- org.thecollective.modules.HomePageModuleTest -->
