<?xml version="1.0" encoding="UTF-8"?>
<!-- Generated by org.testng.reporters.JUnitReportReporter -->
<testsuite skipped="3" hostname="MGLT-CND6046GGC" name="org.thecollective.modules.HomePageModuleTest" tests="22" failures="1" timestamp="23 Jan 2019 06:38:16 GMT" time="834.756" errors="3">
  <testcase name="verifyAllImagePathLinksPDP" time="28.544" classname="org.thecollective.modules.HomePageModuleTest"/>
  <testcase name="verifySearchFunctionality" time="28.979" classname="org.thecollective.modules.HomePageModuleTest"/>
  <testcase name="verifyMensAccessoriesLinks" time="19.450" classname="org.thecollective.modules.HomePageModuleTest"/>
  <testcase name="verifyAllCategories" time="288.269" classname="org.thecollective.modules.HomePageModuleTest">
    <failure type="java.lang.AssertionError" message="products are not available expected [true] but found [false]">
      <![CDATA[java.lang.AssertionError: products are not available expected [true] but found [false]
at org.testng.Assert.fail(Assert.java:96)
at org.testng.Assert.failNotEquals(Assert.java:776)
at org.testng.Assert.assertTrue(Assert.java:44)
at org.thecollective.pageobjects.listpage.ListPageObjects.verifyListedProduct(ListPageObjects.java:90)
at org.thecollective.pageobjects.homepage.HomePageObjects.clickOnCategoryLink(HomePageObjects.java:599)
at org.thecollective.modules.HomePageModuleTest.verifyAllCategories(HomePageModuleTest.java:205)
at sun.reflect.NativeMethodAccessorImpl.invoke0(Native Method)
at sun.reflect.NativeMethodAccessorImpl.invoke(NativeMethodAccessorImpl.java:62)
at sun.reflect.DelegatingMethodAccessorImpl.invoke(DelegatingMethodAccessorImpl.java:43)
at java.lang.reflect.Method.invoke(Method.java:498)
at org.testng.internal.MethodInvocationHelper.invokeMethod(MethodInvocationHelper.java:124)
at org.testng.internal.MethodInvocationHelper$1.runTestMethod(MethodInvocationHelper.java:230)
at org.thecollective.maincontroller.MainController.run(MainController.java:260)
at org.testng.internal.MethodInvocationHelper.invokeHookable(MethodInvocationHelper.java:242)
at org.testng.internal.Invoker.invokeMethod(Invoker.java:576)
at org.testng.internal.Invoker.invokeTestMethod(Invoker.java:716)
at org.testng.internal.Invoker.invokeTestMethods(Invoker.java:988)
at org.testng.internal.TestMethodWorker.invokeTestMethods(TestMethodWorker.java:125)
at org.testng.internal.TestMethodWorker.run(TestMethodWorker.java:109)
at org.testng.TestRunner.privateRun(TestRunner.java:648)
at org.testng.TestRunner.run(TestRunner.java:505)
at org.testng.SuiteRunner.runTest(SuiteRunner.java:455)
at org.testng.SuiteRunner.runSequentially(SuiteRunner.java:450)
at org.testng.SuiteRunner.privateRun(SuiteRunner.java:415)
at org.testng.SuiteRunner.run(SuiteRunner.java:364)
at org.testng.SuiteRunnerWorker.runSuite(SuiteRunnerWorker.java:52)
at org.testng.SuiteRunnerWorker.run(SuiteRunnerWorker.java:84)
at org.testng.TestNG.runSuitesSequentially(TestNG.java:1208)
at org.testng.TestNG.runSuitesLocally(TestNG.java:1137)
at org.testng.TestNG.runSuites(TestNG.java:1049)
at org.testng.TestNG.run(TestNG.java:1017)
at org.testng.remote.AbstractRemoteTestNG.run(AbstractRemoteTestNG.java:114)
at org.testng.remote.RemoteTestNG.initAndRun(RemoteTestNG.java:251)
at org.testng.remote.RemoteTestNG.main(RemoteTestNG.java:77)
]]>
    </failure>
  </testcase> <!-- verifyAllCategories -->
  <testcase name="verifyAllImagePathLinksInSignUpPage" time="12.905" classname="org.thecollective.modules.HomePageModuleTest"/>
  <testcase name="verifyAllImagePathLinksInMyOrderPage" time="41.345" classname="org.thecollective.modules.HomePageModuleTest"/>
  <testcase name="verifyWishListIcon" time="4.851" classname="org.thecollective.modules.HomePageModuleTest"/>
  <testcase name="verifyHomePageHeadersBeforeLogin" time="57.910" classname="org.thecollective.modules.HomePageModuleTest"/>
  <testcase name="verifyAllImagePathLinksListPage" time="15.144" classname="org.thecollective.modules.HomePageModuleTest"/>
  <testcase name="verifyTheCollectiveStores" time="34.764" classname="org.thecollective.modules.HomePageModuleTest">
    <error type="org.openqa.selenium.TimeoutException" message="Expected condition failed: waiting for visibility of all [[[ChromeDriver: chrome on WIN8_1 (ff28a47e9db8694bc4b886e638f357dc)] -&gt; xpath: //h4[contains(@class,&#039;city-heading&#039;)]], [[ChromeDriver: chrome on WIN8_1 (ff28a47e9db8694bc4b886e638f357dc)] -&gt; xpath: //h4[contains(@class,&#039;city-heading&#039;)]], [[ChromeDriver: chrome on WIN8_1 (ff28a47e9db8694bc4b886e638f357dc)] -&gt; xpath: //h4[contains(@class,&#039;city-heading&#039;)]], [[ChromeDriver: chrome on WIN8_1 (ff28a47e9db8694bc4b886e638f357dc)] -&gt; xpath: //h4[contains(@class,&#039;city-heading&#039;)]], [[ChromeDriver: chrome on WIN8_1 (ff28a47e9db8694bc4b886e638f357dc)] -&gt; xpath: //h4[contains(@class,&#039;city-heading&#039;)]], [[ChromeDriver: chrome on WIN8_1 (ff28a47e9db8694bc4b886e638f357dc)] -&gt; xpath: //h4[contains(@class,&#039;city-heading&#039;)]], [[ChromeDriver: chrome on WIN8_1 (ff28a47e9db8694bc4b886e638f357dc)] -&gt; xpath: //h4[contains(@class,&#039;city-heading&#039;)]], [[ChromeDriver: chrome on WIN8_1 (ff28a47e9db8694bc4b886e638f357dc)] -&gt; xpath: //h4[contains(@class,&#039;city-heading&#039;)]], [[ChromeDriver: chrome on WIN8_1 (ff28a47e9db8694bc4b886e638f357dc)] -&gt; xpath: //h4[contains(@class,&#039;city-heading&#039;)]]] (tried for 15 second(s) with 500 MILLISECONDS interval)
Build info: version: &#039;2.53.0&#039;, revision: &#039;35ae25b1534ae328c771e0856c93e187490ca824&#039;, time: &#039;2016-03-15 10:43:46&#039;
System info: host: &#039;MGLT-CND6046GGC&#039;, ip: &#039;172.21.14.241&#039;, os.name: &#039;Windows 8.1&#039;, os.arch: &#039;amd64&#039;, os.version: &#039;6.3&#039;, java.version: &#039;1.8.0_131&#039;
Driver info: org.openqa.selenium.chrome.ChromeDriver
Capabilities [{mobileEmulationEnabled=false, hasTouchScreen=false, platform=WIN8_1, acceptSslCerts=false, goog:chromeOptions={debuggerAddress=localhost:62787}, acceptInsecureCerts=false, webStorageEnabled=true, browserName=chrome, takesScreenshot=true, javascriptEnabled=true, setWindowRect=true, unexpectedAlertBehaviour=, applicationCacheEnabled=false, rotatable=false, networkConnectionEnabled=false, chrome={chromedriverVersion=2.43.600210 (68dcf5eebde37173d4027fa8635e332711d2874a), userDataDir=C:\Users\THIRUV~1.CHI\AppData\Local\Temp\scoped_dir11876_13830}, takesHeapSnapshot=true, pageLoadStrategy=normal, databaseEnabled=false, handlesAlerts=true, version=71.0.3578.98, browserConnectionEnabled=false, nativeEvents=true, locationContextEnabled=true, cssSelectorsEnabled=true}]
Session ID: ff28a47e9db8694bc4b886e638f357dc">
      <![CDATA[org.openqa.selenium.TimeoutException: Expected condition failed: waiting for visibility of all [[[ChromeDriver: chrome on WIN8_1 (ff28a47e9db8694bc4b886e638f357dc)] -> xpath: //h4[contains(@class,'city-heading')]], [[ChromeDriver: chrome on WIN8_1 (ff28a47e9db8694bc4b886e638f357dc)] -> xpath: //h4[contains(@class,'city-heading')]], [[ChromeDriver: chrome on WIN8_1 (ff28a47e9db8694bc4b886e638f357dc)] -> xpath: //h4[contains(@class,'city-heading')]], [[ChromeDriver: chrome on WIN8_1 (ff28a47e9db8694bc4b886e638f357dc)] -> xpath: //h4[contains(@class,'city-heading')]], [[ChromeDriver: chrome on WIN8_1 (ff28a47e9db8694bc4b886e638f357dc)] -> xpath: //h4[contains(@class,'city-heading')]], [[ChromeDriver: chrome on WIN8_1 (ff28a47e9db8694bc4b886e638f357dc)] -> xpath: //h4[contains(@class,'city-heading')]], [[ChromeDriver: chrome on WIN8_1 (ff28a47e9db8694bc4b886e638f357dc)] -> xpath: //h4[contains(@class,'city-heading')]], [[ChromeDriver: chrome on WIN8_1 (ff28a47e9db8694bc4b886e638f357dc)] -> xpath: //h4[contains(@class,'city-heading')]], [[ChromeDriver: chrome on WIN8_1 (ff28a47e9db8694bc4b886e638f357dc)] -> xpath: //h4[contains(@class,'city-heading')]]] (tried for 15 second(s) with 500 MILLISECONDS interval)
Build info: version: '2.53.0', revision: '35ae25b1534ae328c771e0856c93e187490ca824', time: '2016-03-15 10:43:46'
System info: host: 'MGLT-CND6046GGC', ip: '172.21.14.241', os.name: 'Windows 8.1', os.arch: 'amd64', os.version: '6.3', java.version: '1.8.0_131'
Driver info: org.openqa.selenium.chrome.ChromeDriver
Capabilities [{mobileEmulationEnabled=false, hasTouchScreen=false, platform=WIN8_1, acceptSslCerts=false, goog:chromeOptions={debuggerAddress=localhost:62787}, acceptInsecureCerts=false, webStorageEnabled=true, browserName=chrome, takesScreenshot=true, javascriptEnabled=true, setWindowRect=true, unexpectedAlertBehaviour=, applicationCacheEnabled=false, rotatable=false, networkConnectionEnabled=false, chrome={chromedriverVersion=2.43.600210 (68dcf5eebde37173d4027fa8635e332711d2874a), userDataDir=C:\Users\THIRUV~1.CHI\AppData\Local\Temp\scoped_dir11876_13830}, takesHeapSnapshot=true, pageLoadStrategy=normal, databaseEnabled=false, handlesAlerts=true, version=71.0.3578.98, browserConnectionEnabled=false, nativeEvents=true, locationContextEnabled=true, cssSelectorsEnabled=true}]
Session ID: ff28a47e9db8694bc4b886e638f357dc
at org.openqa.selenium.support.ui.WebDriverWait.timeoutException(WebDriverWait.java:80)
at org.openqa.selenium.support.ui.FluentWait.until(FluentWait.java:265)
at org.thecollective.utils.Waiting.explicitWaitVisibilityOfElements(Waiting.java:80)
at org.thecollective.pageobjects.homepage.StoresPageObjects.verifyAvailableStores(StoresPageObjects.java:36)
at org.thecollective.modules.HomePageModuleTest.verifyTheCollectiveStores(HomePageModuleTest.java:65)
at sun.reflect.NativeMethodAccessorImpl.invoke0(Native Method)
at sun.reflect.NativeMethodAccessorImpl.invoke(NativeMethodAccessorImpl.java:62)
at sun.reflect.DelegatingMethodAccessorImpl.invoke(DelegatingMethodAccessorImpl.java:43)
at java.lang.reflect.Method.invoke(Method.java:498)
at org.testng.internal.MethodInvocationHelper.invokeMethod(MethodInvocationHelper.java:124)
at org.testng.internal.MethodInvocationHelper$1.runTestMethod(MethodInvocationHelper.java:230)
at org.thecollective.maincontroller.MainController.run(MainController.java:260)
at org.testng.internal.MethodInvocationHelper.invokeHookable(MethodInvocationHelper.java:242)
at org.testng.internal.Invoker.invokeMethod(Invoker.java:576)
at org.testng.internal.Invoker.invokeTestMethod(Invoker.java:716)
at org.testng.internal.Invoker.invokeTestMethods(Invoker.java:988)
at org.testng.internal.TestMethodWorker.invokeTestMethods(TestMethodWorker.java:125)
at org.testng.internal.TestMethodWorker.run(TestMethodWorker.java:109)
at org.testng.TestRunner.privateRun(TestRunner.java:648)
at org.testng.TestRunner.run(TestRunner.java:505)
at org.testng.SuiteRunner.runTest(SuiteRunner.java:455)
at org.testng.SuiteRunner.runSequentially(SuiteRunner.java:450)
at org.testng.SuiteRunner.privateRun(SuiteRunner.java:415)
at org.testng.SuiteRunner.run(SuiteRunner.java:364)
at org.testng.SuiteRunnerWorker.runSuite(SuiteRunnerWorker.java:52)
at org.testng.SuiteRunnerWorker.run(SuiteRunnerWorker.java:84)
at org.testng.TestNG.runSuitesSequentially(TestNG.java:1208)
at org.testng.TestNG.runSuitesLocally(TestNG.java:1137)
at org.testng.TestNG.runSuites(TestNG.java:1049)
at org.testng.TestNG.run(TestNG.java:1017)
at org.testng.remote.AbstractRemoteTestNG.run(AbstractRemoteTestNG.java:114)
at org.testng.remote.RemoteTestNG.initAndRun(RemoteTestNG.java:251)
at org.testng.remote.RemoteTestNG.main(RemoteTestNG.java:77)
]]>
    </error>
  </testcase> <!-- verifyTheCollectiveStores -->
  <testcase name="verifyWishListFunctionality" time="20.174" classname="org.thecollective.modules.HomePageModuleTest"/>
  <testcase name="verifyAllImagePathLinksCheckout" time="69.395" classname="org.thecollective.modules.HomePageModuleTest">
    <error type="org.openqa.selenium.TimeoutException" message="Expected condition failed: waiting for visibility of Proxy element for: DefaultElementLocator &#039;By.xpath: //div[contains(@class,&#039;online-size-collective&#039;)]/button&#039; (tried for 30 second(s) with 500 MILLISECONDS interval)
Build info: version: &#039;2.53.0&#039;, revision: &#039;35ae25b1534ae328c771e0856c93e187490ca824&#039;, time: &#039;2016-03-15 10:43:46&#039;
System info: host: &#039;MGLT-CND6046GGC&#039;, ip: &#039;172.21.14.241&#039;, os.name: &#039;Windows 8.1&#039;, os.arch: &#039;amd64&#039;, os.version: &#039;6.3&#039;, java.version: &#039;1.8.0_131&#039;
Driver info: org.openqa.selenium.chrome.ChromeDriver
Capabilities [{mobileEmulationEnabled=false, hasTouchScreen=false, platform=WIN8_1, acceptSslCerts=false, goog:chromeOptions={debuggerAddress=localhost:62787}, acceptInsecureCerts=false, webStorageEnabled=true, browserName=chrome, takesScreenshot=true, javascriptEnabled=true, setWindowRect=true, unexpectedAlertBehaviour=, applicationCacheEnabled=false, rotatable=false, networkConnectionEnabled=false, chrome={chromedriverVersion=2.43.600210 (68dcf5eebde37173d4027fa8635e332711d2874a), userDataDir=C:\Users\THIRUV~1.CHI\AppData\Local\Temp\scoped_dir11876_13830}, takesHeapSnapshot=true, pageLoadStrategy=normal, databaseEnabled=false, handlesAlerts=true, version=71.0.3578.98, browserConnectionEnabled=false, nativeEvents=true, locationContextEnabled=true, cssSelectorsEnabled=true}]
Session ID: ff28a47e9db8694bc4b886e638f357dc">
      <![CDATA[org.openqa.selenium.TimeoutException: Expected condition failed: waiting for visibility of Proxy element for: DefaultElementLocator 'By.xpath: //div[contains(@class,'online-size-collective')]/button' (tried for 30 second(s) with 500 MILLISECONDS interval)
Build info: version: '2.53.0', revision: '35ae25b1534ae328c771e0856c93e187490ca824', time: '2016-03-15 10:43:46'
System info: host: 'MGLT-CND6046GGC', ip: '172.21.14.241', os.name: 'Windows 8.1', os.arch: 'amd64', os.version: '6.3', java.version: '1.8.0_131'
Driver info: org.openqa.selenium.chrome.ChromeDriver
Capabilities [{mobileEmulationEnabled=false, hasTouchScreen=false, platform=WIN8_1, acceptSslCerts=false, goog:chromeOptions={debuggerAddress=localhost:62787}, acceptInsecureCerts=false, webStorageEnabled=true, browserName=chrome, takesScreenshot=true, javascriptEnabled=true, setWindowRect=true, unexpectedAlertBehaviour=, applicationCacheEnabled=false, rotatable=false, networkConnectionEnabled=false, chrome={chromedriverVersion=2.43.600210 (68dcf5eebde37173d4027fa8635e332711d2874a), userDataDir=C:\Users\THIRUV~1.CHI\AppData\Local\Temp\scoped_dir11876_13830}, takesHeapSnapshot=true, pageLoadStrategy=normal, databaseEnabled=false, handlesAlerts=true, version=71.0.3578.98, browserConnectionEnabled=false, nativeEvents=true, locationContextEnabled=true, cssSelectorsEnabled=true}]
Session ID: ff28a47e9db8694bc4b886e638f357dc
at org.openqa.selenium.support.ui.WebDriverWait.timeoutException(WebDriverWait.java:80)
at org.openqa.selenium.support.ui.FluentWait.until(FluentWait.java:265)
at org.thecollective.utils.Waiting.explicitWaitVisibilityOfElement(Waiting.java:58)
at org.thecollective.pageobjects.pdp.PDPageObjects.selectSize(PDPageObjects.java:86)
at org.thecollective.modules.HomePageModuleTest.verifyAllImagePathLinksCheckout(HomePageModuleTest.java:268)
at sun.reflect.NativeMethodAccessorImpl.invoke0(Native Method)
at sun.reflect.NativeMethodAccessorImpl.invoke(NativeMethodAccessorImpl.java:62)
at sun.reflect.DelegatingMethodAccessorImpl.invoke(DelegatingMethodAccessorImpl.java:43)
at java.lang.reflect.Method.invoke(Method.java:498)
at org.testng.internal.MethodInvocationHelper.invokeMethod(MethodInvocationHelper.java:124)
at org.testng.internal.MethodInvocationHelper$1.runTestMethod(MethodInvocationHelper.java:230)
at org.thecollective.maincontroller.MainController.run(MainController.java:260)
at org.testng.internal.MethodInvocationHelper.invokeHookable(MethodInvocationHelper.java:242)
at org.testng.internal.Invoker.invokeMethod(Invoker.java:576)
at org.testng.internal.Invoker.invokeTestMethod(Invoker.java:716)
at org.testng.internal.Invoker.invokeTestMethods(Invoker.java:988)
at org.testng.internal.TestMethodWorker.invokeTestMethods(TestMethodWorker.java:125)
at org.testng.internal.TestMethodWorker.run(TestMethodWorker.java:109)
at org.testng.TestRunner.privateRun(TestRunner.java:648)
at org.testng.TestRunner.run(TestRunner.java:505)
at org.testng.SuiteRunner.runTest(SuiteRunner.java:455)
at org.testng.SuiteRunner.runSequentially(SuiteRunner.java:450)
at org.testng.SuiteRunner.privateRun(SuiteRunner.java:415)
at org.testng.SuiteRunner.run(SuiteRunner.java:364)
at org.testng.SuiteRunnerWorker.runSuite(SuiteRunnerWorker.java:52)
at org.testng.SuiteRunnerWorker.run(SuiteRunnerWorker.java:84)
at org.testng.TestNG.runSuitesSequentially(TestNG.java:1208)
at org.testng.TestNG.runSuitesLocally(TestNG.java:1137)
at org.testng.TestNG.runSuites(TestNG.java:1049)
at org.testng.TestNG.run(TestNG.java:1017)
at org.testng.remote.AbstractRemoteTestNG.run(AbstractRemoteTestNG.java:114)
at org.testng.remote.RemoteTestNG.initAndRun(RemoteTestNG.java:251)
at org.testng.remote.RemoteTestNG.main(RemoteTestNG.java:77)
Caused by: org.openqa.selenium.NoSuchElementException: no such element: Unable to locate element: {"method":"xpath","selector":"//div[contains(@class,'online-size-collective')]/button"}
  (Session info: chrome=71.0.3578.98)
  (Driver info: chromedriver=2.43.600210 (68dcf5eebde37173d4027fa8635e332711d2874a),platform=Windows NT 6.3.9600 x86_64) (WARNING: The server did not provide any stacktrace information)
Command duration or timeout: 15.04 seconds
For documentation on this error, please visit: http://seleniumhq.org/exceptions/no_such_element.html
Build info: version: '2.53.0', revision: '35ae25b1534ae328c771e0856c93e187490ca824', time: '2016-03-15 10:43:46'
System info: host: 'MGLT-CND6046GGC', ip: '172.21.14.241', os.name: 'Windows 8.1', os.arch: 'amd64', os.version: '6.3', java.version: '1.8.0_131'
Driver info: org.openqa.selenium.chrome.ChromeDriver
Capabilities [{mobileEmulationEnabled=false, hasTouchScreen=false, platform=WIN8_1, acceptSslCerts=false, goog:chromeOptions={debuggerAddress=localhost:62787}, acceptInsecureCerts=false, webStorageEnabled=true, browserName=chrome, takesScreenshot=true, javascriptEnabled=true, setWindowRect=true, unexpectedAlertBehaviour=, applicationCacheEnabled=false, rotatable=false, networkConnectionEnabled=false, chrome={chromedriverVersion=2.43.600210 (68dcf5eebde37173d4027fa8635e332711d2874a), userDataDir=C:\Users\THIRUV~1.CHI\AppData\Local\Temp\scoped_dir11876_13830}, takesHeapSnapshot=true, pageLoadStrategy=normal, databaseEnabled=false, handlesAlerts=true, version=71.0.3578.98, browserConnectionEnabled=false, nativeEvents=true, locationContextEnabled=true, cssSelectorsEnabled=true}]
Session ID: ff28a47e9db8694bc4b886e638f357dc
*** Element info: {Using=xpath, value=//div[contains(@class,'online-size-collective')]/button}
at sun.reflect.NativeConstructorAccessorImpl.newInstance0(Native Method)
at sun.reflect.NativeConstructorAccessorImpl.newInstance(NativeConstructorAccessorImpl.java:62)
at sun.reflect.DelegatingConstructorAccessorImpl.newInstance(DelegatingConstructorAccessorImpl.java:45)
at java.lang.reflect.Constructor.newInstance(Constructor.java:423)
at org.openqa.selenium.remote.ErrorHandler.createThrowable(ErrorHandler.java:206)
at org.openqa.selenium.remote.ErrorHandler.throwIfResponseFailed(ErrorHandler.java:158)
at org.openqa.selenium.remote.RemoteWebDriver.execute(RemoteWebDriver.java:678)
at org.openqa.selenium.remote.RemoteWebDriver.findElement(RemoteWebDriver.java:363)
at org.openqa.selenium.remote.RemoteWebDriver.findElementByXPath(RemoteWebDriver.java:500)
at org.openqa.selenium.By$ByXPath.findElement(By.java:361)
at org.openqa.selenium.remote.RemoteWebDriver.findElement(RemoteWebDriver.java:355)
at org.openqa.selenium.support.pagefactory.DefaultElementLocator.findElement(DefaultElementLocator.java:69)
at org.openqa.selenium.support.pagefactory.internal.LocatingElementHandler.invoke(LocatingElementHandler.java:38)
at com.sun.proxy.$Proxy18.isDisplayed(Unknown Source)
at org.openqa.selenium.support.ui.ExpectedConditions.elementIfVisible(ExpectedConditions.java:302)
at org.openqa.selenium.support.ui.ExpectedConditions.access$100(ExpectedConditions.java:41)
at org.openqa.selenium.support.ui.ExpectedConditions$10.apply(ExpectedConditions.java:288)
at org.openqa.selenium.support.ui.ExpectedConditions$10.apply(ExpectedConditions.java:285)
at org.openqa.selenium.support.ui.FluentWait.until(FluentWait.java:238)
... 31 more
]]>
    </error>
  </testcase> <!-- verifyAllImagePathLinksCheckout -->
  <testcase name="verifyHomePageFooters" time="12.532" classname="org.thecollective.modules.HomePageModuleTest"/>
  <testcase name="verifyHomePageAfterLogin" time="22.874" classname="org.thecollective.modules.HomePageModuleTest"/>
  <testcase name="verifyAllImagePathLinksInHomepage" time="6.425" classname="org.thecollective.modules.HomePageModuleTest"/>
  <testcase name="verifyAllImagePathLinksCheckoutShippingAddres" time="72.555" classname="org.thecollective.modules.HomePageModuleTest">
    <error type="org.openqa.selenium.TimeoutException" message="Expected condition failed: waiting for visibility of Proxy element for: DefaultElementLocator &#039;By.xpath: //div[contains(@class,&#039;online-size-collective&#039;)]/button&#039; (tried for 30 second(s) with 500 MILLISECONDS interval)
Build info: version: &#039;2.53.0&#039;, revision: &#039;35ae25b1534ae328c771e0856c93e187490ca824&#039;, time: &#039;2016-03-15 10:43:46&#039;
System info: host: &#039;MGLT-CND6046GGC&#039;, ip: &#039;172.21.14.241&#039;, os.name: &#039;Windows 8.1&#039;, os.arch: &#039;amd64&#039;, os.version: &#039;6.3&#039;, java.version: &#039;1.8.0_131&#039;
Driver info: org.openqa.selenium.chrome.ChromeDriver
Capabilities [{mobileEmulationEnabled=false, hasTouchScreen=false, platform=WIN8_1, acceptSslCerts=false, goog:chromeOptions={debuggerAddress=localhost:62787}, acceptInsecureCerts=false, webStorageEnabled=true, browserName=chrome, takesScreenshot=true, javascriptEnabled=true, setWindowRect=true, unexpectedAlertBehaviour=, applicationCacheEnabled=false, rotatable=false, networkConnectionEnabled=false, chrome={chromedriverVersion=2.43.600210 (68dcf5eebde37173d4027fa8635e332711d2874a), userDataDir=C:\Users\THIRUV~1.CHI\AppData\Local\Temp\scoped_dir11876_13830}, takesHeapSnapshot=true, pageLoadStrategy=normal, databaseEnabled=false, handlesAlerts=true, version=71.0.3578.98, browserConnectionEnabled=false, nativeEvents=true, locationContextEnabled=true, cssSelectorsEnabled=true}]
Session ID: ff28a47e9db8694bc4b886e638f357dc">
      <![CDATA[org.openqa.selenium.TimeoutException: Expected condition failed: waiting for visibility of Proxy element for: DefaultElementLocator 'By.xpath: //div[contains(@class,'online-size-collective')]/button' (tried for 30 second(s) with 500 MILLISECONDS interval)
Build info: version: '2.53.0', revision: '35ae25b1534ae328c771e0856c93e187490ca824', time: '2016-03-15 10:43:46'
System info: host: 'MGLT-CND6046GGC', ip: '172.21.14.241', os.name: 'Windows 8.1', os.arch: 'amd64', os.version: '6.3', java.version: '1.8.0_131'
Driver info: org.openqa.selenium.chrome.ChromeDriver
Capabilities [{mobileEmulationEnabled=false, hasTouchScreen=false, platform=WIN8_1, acceptSslCerts=false, goog:chromeOptions={debuggerAddress=localhost:62787}, acceptInsecureCerts=false, webStorageEnabled=true, browserName=chrome, takesScreenshot=true, javascriptEnabled=true, setWindowRect=true, unexpectedAlertBehaviour=, applicationCacheEnabled=false, rotatable=false, networkConnectionEnabled=false, chrome={chromedriverVersion=2.43.600210 (68dcf5eebde37173d4027fa8635e332711d2874a), userDataDir=C:\Users\THIRUV~1.CHI\AppData\Local\Temp\scoped_dir11876_13830}, takesHeapSnapshot=true, pageLoadStrategy=normal, databaseEnabled=false, handlesAlerts=true, version=71.0.3578.98, browserConnectionEnabled=false, nativeEvents=true, locationContextEnabled=true, cssSelectorsEnabled=true}]
Session ID: ff28a47e9db8694bc4b886e638f357dc
at org.openqa.selenium.support.ui.WebDriverWait.timeoutException(WebDriverWait.java:80)
at org.openqa.selenium.support.ui.FluentWait.until(FluentWait.java:265)
at org.thecollective.utils.Waiting.explicitWaitVisibilityOfElement(Waiting.java:58)
at org.thecollective.pageobjects.pdp.PDPageObjects.selectSize(PDPageObjects.java:86)
at org.thecollective.modules.HomePageModuleTest.verifyAllImagePathLinksCheckoutShippingAddres(HomePageModuleTest.java:290)
at sun.reflect.NativeMethodAccessorImpl.invoke0(Native Method)
at sun.reflect.NativeMethodAccessorImpl.invoke(NativeMethodAccessorImpl.java:62)
at sun.reflect.DelegatingMethodAccessorImpl.invoke(DelegatingMethodAccessorImpl.java:43)
at java.lang.reflect.Method.invoke(Method.java:498)
at org.testng.internal.MethodInvocationHelper.invokeMethod(MethodInvocationHelper.java:124)
at org.testng.internal.MethodInvocationHelper$1.runTestMethod(MethodInvocationHelper.java:230)
at org.thecollective.maincontroller.MainController.run(MainController.java:260)
at org.testng.internal.MethodInvocationHelper.invokeHookable(MethodInvocationHelper.java:242)
at org.testng.internal.Invoker.invokeMethod(Invoker.java:576)
at org.testng.internal.Invoker.invokeTestMethod(Invoker.java:716)
at org.testng.internal.Invoker.invokeTestMethods(Invoker.java:988)
at org.testng.internal.TestMethodWorker.invokeTestMethods(TestMethodWorker.java:125)
at org.testng.internal.TestMethodWorker.run(TestMethodWorker.java:109)
at org.testng.TestRunner.privateRun(TestRunner.java:648)
at org.testng.TestRunner.run(TestRunner.java:505)
at org.testng.SuiteRunner.runTest(SuiteRunner.java:455)
at org.testng.SuiteRunner.runSequentially(SuiteRunner.java:450)
at org.testng.SuiteRunner.privateRun(SuiteRunner.java:415)
at org.testng.SuiteRunner.run(SuiteRunner.java:364)
at org.testng.SuiteRunnerWorker.runSuite(SuiteRunnerWorker.java:52)
at org.testng.SuiteRunnerWorker.run(SuiteRunnerWorker.java:84)
at org.testng.TestNG.runSuitesSequentially(TestNG.java:1208)
at org.testng.TestNG.runSuitesLocally(TestNG.java:1137)
at org.testng.TestNG.runSuites(TestNG.java:1049)
at org.testng.TestNG.run(TestNG.java:1017)
at org.testng.remote.AbstractRemoteTestNG.run(AbstractRemoteTestNG.java:114)
at org.testng.remote.RemoteTestNG.initAndRun(RemoteTestNG.java:251)
at org.testng.remote.RemoteTestNG.main(RemoteTestNG.java:77)
Caused by: org.openqa.selenium.NoSuchElementException: no such element: Unable to locate element: {"method":"xpath","selector":"//div[contains(@class,'online-size-collective')]/button"}
  (Session info: chrome=71.0.3578.98)
  (Driver info: chromedriver=2.43.600210 (68dcf5eebde37173d4027fa8635e332711d2874a),platform=Windows NT 6.3.9600 x86_64) (WARNING: The server did not provide any stacktrace information)
Command duration or timeout: 10.03 seconds
For documentation on this error, please visit: http://seleniumhq.org/exceptions/no_such_element.html
Build info: version: '2.53.0', revision: '35ae25b1534ae328c771e0856c93e187490ca824', time: '2016-03-15 10:43:46'
System info: host: 'MGLT-CND6046GGC', ip: '172.21.14.241', os.name: 'Windows 8.1', os.arch: 'amd64', os.version: '6.3', java.version: '1.8.0_131'
Driver info: org.openqa.selenium.chrome.ChromeDriver
Capabilities [{mobileEmulationEnabled=false, hasTouchScreen=false, platform=WIN8_1, acceptSslCerts=false, goog:chromeOptions={debuggerAddress=localhost:62787}, acceptInsecureCerts=false, webStorageEnabled=true, browserName=chrome, takesScreenshot=true, javascriptEnabled=true, setWindowRect=true, unexpectedAlertBehaviour=, applicationCacheEnabled=false, rotatable=false, networkConnectionEnabled=false, chrome={chromedriverVersion=2.43.600210 (68dcf5eebde37173d4027fa8635e332711d2874a), userDataDir=C:\Users\THIRUV~1.CHI\AppData\Local\Temp\scoped_dir11876_13830}, takesHeapSnapshot=true, pageLoadStrategy=normal, databaseEnabled=false, handlesAlerts=true, version=71.0.3578.98, browserConnectionEnabled=false, nativeEvents=true, locationContextEnabled=true, cssSelectorsEnabled=true}]
Session ID: ff28a47e9db8694bc4b886e638f357dc
*** Element info: {Using=xpath, value=//div[contains(@class,'online-size-collective')]/button}
at sun.reflect.NativeConstructorAccessorImpl.newInstance0(Native Method)
at sun.reflect.NativeConstructorAccessorImpl.newInstance(NativeConstructorAccessorImpl.java:62)
at sun.reflect.DelegatingConstructorAccessorImpl.newInstance(DelegatingConstructorAccessorImpl.java:45)
at java.lang.reflect.Constructor.newInstance(Constructor.java:423)
at org.openqa.selenium.remote.ErrorHandler.createThrowable(ErrorHandler.java:206)
at org.openqa.selenium.remote.ErrorHandler.throwIfResponseFailed(ErrorHandler.java:158)
at org.openqa.selenium.remote.RemoteWebDriver.execute(RemoteWebDriver.java:678)
at org.openqa.selenium.remote.RemoteWebDriver.findElement(RemoteWebDriver.java:363)
at org.openqa.selenium.remote.RemoteWebDriver.findElementByXPath(RemoteWebDriver.java:500)
at org.openqa.selenium.By$ByXPath.findElement(By.java:361)
at org.openqa.selenium.remote.RemoteWebDriver.findElement(RemoteWebDriver.java:355)
at org.openqa.selenium.support.pagefactory.DefaultElementLocator.findElement(DefaultElementLocator.java:69)
at org.openqa.selenium.support.pagefactory.internal.LocatingElementHandler.invoke(LocatingElementHandler.java:38)
at com.sun.proxy.$Proxy18.isDisplayed(Unknown Source)
at org.openqa.selenium.support.ui.ExpectedConditions.elementIfVisible(ExpectedConditions.java:302)
at org.openqa.selenium.support.ui.ExpectedConditions.access$100(ExpectedConditions.java:41)
at org.openqa.selenium.support.ui.ExpectedConditions$10.apply(ExpectedConditions.java:288)
at org.openqa.selenium.support.ui.ExpectedConditions$10.apply(ExpectedConditions.java:285)
at org.openqa.selenium.support.ui.FluentWait.until(FluentWait.java:238)
... 31 more
]]>
    </error>
  </testcase> <!-- verifyAllImagePathLinksCheckoutShippingAddres -->
  <testcase name="verifyFooterLinksFunctionality" time="56.069" classname="org.thecollective.modules.HomePageModuleTest"/>
  <testcase name="verifyInvalidSearchFunctionality" time="28.427" classname="org.thecollective.modules.HomePageModuleTest"/>
  <testcase name="verifyAllImagePathLinksInLoginPage" time="14.144" classname="org.thecollective.modules.HomePageModuleTest"/>
  <testcase name="logoComparision" classname="org.thecollective.modules.HomePageModuleTest">
    <skipped/>
  </testcase> <!-- logoComparision -->
  <testcase name="verifyHomePageFooterLinks" classname="org.thecollective.modules.HomePageModuleTest">
    <skipped/>
  </testcase> <!-- verifyHomePageFooterLinks -->
  <testcase name="verifyContentsOfHeaderLinks" classname="org.thecollective.modules.HomePageModuleTest">
    <skipped/>
  </testcase> <!-- verifyContentsOfHeaderLinks -->
</testsuite> <!-- org.thecollective.modules.HomePageModuleTest -->
