<?xml version="1.0" encoding="UTF-8"?>
<!-- Generated by org.testng.reporters.JUnitReportReporter -->
<testsuite skipped="1" hostname="MGLT-CND6046GGC" name="org.thecollective.modules.MyAccountModuleTest" tests="7" failures="0" timestamp="13 Nov 2018 06:05:40 GMT" time="104.185" errors="0">
  <testcase name="verifyLogoutFunInMyAccountPage" time="16.418" classname="org.thecollective.modules.MyAccountModuleTest"/>
  <testcase name="verifySavedItems" time="18.785" classname="org.thecollective.modules.MyAccountModuleTest"/>
  <testcase name="verifyMyOrdersPage" time="17.568" classname="org.thecollective.modules.MyAccountModuleTest"/>
  <testcase name="verifyUpdateAddress" time="17.028" classname="org.thecollective.modules.MyAccountModuleTest"/>
  <testcase name="verifyMyAccountPage" time="17.411" classname="org.thecollective.modules.MyAccountModuleTest"/>
  <testcase name="verifyMyOrdersPageTabs" time="16.975" classname="org.thecollective.modules.MyAccountModuleTest"/>
  <testcase name="verifyChangePassword" classname="org.thecollective.modules.MyAccountModuleTest">
    <skipped/>
  </testcase> <!-- verifyChangePassword -->
</testsuite> <!-- org.thecollective.modules.MyAccountModuleTest -->
