<?xml version="1.0" encoding="UTF-8"?>
<!-- Generated by org.testng.reporters.JUnitReportReporter -->
<testsuite skipped="3" hostname="MGLT-CND6046GGC" name="org.thecollective.modules.HomePageModuleTest" tests="4" failures="1" timestamp="30 Jan 2019 11:19:00 GMT" time="9.869" errors="0">
  <testcase name="verifyTheCollectiveStores" time="9.869" classname="org.thecollective.modules.HomePageModuleTest">
    <failure type="java.lang.AssertionError" message="expected [PUNE] but found []">
      <![CDATA[java.lang.AssertionError: expected [PUNE] but found []
at org.testng.Assert.fail(Assert.java:96)
at org.testng.Assert.failNotEquals(Assert.java:776)
at org.testng.Assert.assertEqualsImpl(Assert.java:137)
at org.testng.Assert.assertEquals(Assert.java:118)
at org.testng.Assert.assertEquals(Assert.java:453)
at org.testng.Assert.assertEquals(Assert.java:463)
at org.thecollective.pageobjects.homepage.StoresPageObjects.verifyAvailableStores(StoresPageObjects.java:42)
at org.thecollective.modules.HomePageModuleTest.verifyTheCollectiveStores(HomePageModuleTest.java:65)
at sun.reflect.NativeMethodAccessorImpl.invoke0(Native Method)
at sun.reflect.NativeMethodAccessorImpl.invoke(NativeMethodAccessorImpl.java:62)
at sun.reflect.DelegatingMethodAccessorImpl.invoke(DelegatingMethodAccessorImpl.java:43)
at java.lang.reflect.Method.invoke(Method.java:498)
at org.testng.internal.MethodInvocationHelper.invokeMethod(MethodInvocationHelper.java:124)
at org.testng.internal.MethodInvocationHelper$1.runTestMethod(MethodInvocationHelper.java:230)
at org.thecollective.maincontroller.MainController.run(MainController.java:266)
at org.testng.internal.MethodInvocationHelper.invokeHookable(MethodInvocationHelper.java:242)
at org.testng.internal.Invoker.invokeMethod(Invoker.java:576)
at org.testng.internal.Invoker.invokeTestMethod(Invoker.java:716)
at org.testng.internal.Invoker.invokeTestMethods(Invoker.java:988)
at org.testng.internal.TestMethodWorker.invokeTestMethods(TestMethodWorker.java:125)
at org.testng.internal.TestMethodWorker.run(TestMethodWorker.java:109)
at org.testng.TestRunner.privateRun(TestRunner.java:648)
at org.testng.TestRunner.run(TestRunner.java:505)
at org.testng.SuiteRunner.runTest(SuiteRunner.java:455)
at org.testng.SuiteRunner.runSequentially(SuiteRunner.java:450)
at org.testng.SuiteRunner.privateRun(SuiteRunner.java:415)
at org.testng.SuiteRunner.run(SuiteRunner.java:364)
at org.testng.SuiteRunnerWorker.runSuite(SuiteRunnerWorker.java:52)
at org.testng.SuiteRunnerWorker.run(SuiteRunnerWorker.java:84)
at org.testng.TestNG.runSuitesSequentially(TestNG.java:1208)
at org.testng.TestNG.runSuitesLocally(TestNG.java:1137)
at org.testng.TestNG.runSuites(TestNG.java:1049)
at org.testng.TestNG.run(TestNG.java:1017)
at org.testng.remote.AbstractRemoteTestNG.run(AbstractRemoteTestNG.java:114)
at org.testng.remote.RemoteTestNG.initAndRun(RemoteTestNG.java:251)
at org.testng.remote.RemoteTestNG.main(RemoteTestNG.java:77)
]]>
    </failure>
  </testcase> <!-- verifyTheCollectiveStores -->
  <testcase name="logoComparision" classname="org.thecollective.modules.HomePageModuleTest">
    <skipped/>
  </testcase> <!-- logoComparision -->
  <testcase name="verifyHomePageFooterLinks" classname="org.thecollective.modules.HomePageModuleTest">
    <skipped/>
  </testcase> <!-- verifyHomePageFooterLinks -->
  <testcase name="verifyContentsOfHeaderLinks" classname="org.thecollective.modules.HomePageModuleTest">
    <skipped/>
  </testcase> <!-- verifyContentsOfHeaderLinks -->
</testsuite> <!-- org.thecollective.modules.HomePageModuleTest -->
