<?xml version="1.0" encoding="UTF-8"?>
<!-- Generated by org.testng.reporters.JUnitReportReporter -->
<testsuite skipped="0" hostname="MGLT-CND6046GGC" name="org.thecollective.modules.AeContent" tests="1" failures="0" timestamp="17 Dec 2018 10:27:01 GMT" time="34.329" errors="0">
  <testcase name="validateInvalidImages" time="34.329" classname="org.thecollective.modules.AeContent"/>
</testsuite> <!-- org.thecollective.modules.AeContent -->
