<?xml version="1.0" encoding="UTF-8"?>
<!-- Generated by org.testng.reporters.JUnitReportReporter -->
<testsuite skipped="0" hostname="MGLT-CND6046GGC" name="org.thecollective.modules.LoginModuleTest" tests="2" failures="0" timestamp="30 Jan 2019 11:19:00 GMT" time="38.097" errors="0">
  <testcase name="loginInvalid" time="29.866" classname="org.thecollective.modules.LoginModuleTest"/>
  <testcase name="verifyLoginLinkInLandingPage" time="8.231" classname="org.thecollective.modules.LoginModuleTest"/>
</testsuite> <!-- org.thecollective.modules.LoginModuleTest -->
