<?xml version="1.0" encoding="UTF-8"?>
<!-- Generated by org.testng.reporters.JUnitReportReporter -->
<testsuite skipped="1" hostname="MGLT-CND6046GGC" name="org.thecollective.modules.MyAccountModuleTest" tests="7" failures="0" timestamp="21 Jan 2019 05:48:34 GMT" time="148.060" errors="0">
  <testcase name="verifyLogoutFunInMyAccountPage" time="26.738" classname="org.thecollective.modules.MyAccountModuleTest"/>
  <testcase name="verifyUpdateAddress" time="24.452" classname="org.thecollective.modules.MyAccountModuleTest"/>
  <testcase name="verifySavedItems" time="21.319" classname="org.thecollective.modules.MyAccountModuleTest"/>
  <testcase name="verifyMyOrdersPage" time="27.400" classname="org.thecollective.modules.MyAccountModuleTest"/>
  <testcase name="verifyMyAccountPage" time="21.814" classname="org.thecollective.modules.MyAccountModuleTest"/>
  <testcase name="verifyMyOrdersPageTabs" time="26.337" classname="org.thecollective.modules.MyAccountModuleTest"/>
  <testcase name="verifyChangePassword" classname="org.thecollective.modules.MyAccountModuleTest">
    <skipped/>
  </testcase> <!-- verifyChangePassword -->
</testsuite> <!-- org.thecollective.modules.MyAccountModuleTest -->
