<?xml version="1.0" encoding="UTF-8"?>
<!-- Generated by org.testng.reporters.JUnitReportReporter -->
<testsuite skipped="0" hostname="MGLT-CND6046GGC" name="org.thecollective.modules.PDPModuleTest" tests="4" failures="0" timestamp="30 Jan 2019 09:55:45 GMT" time="109.058" errors="0">
  <testcase name="verifyProductId" time="11.757" classname="org.thecollective.modules.PDPModuleTest"/>
  <testcase name="verifyMyWishListFunctionality" time="38.293" classname="org.thecollective.modules.PDPModuleTest"/>
  <testcase name="verifyMyWishListFunctionalityAfterLogin" time="40.584" classname="org.thecollective.modules.PDPModuleTest"/>
  <testcase name="verifyProductDetailsPageTest" time="18.424" classname="org.thecollective.modules.PDPModuleTest"/>
</testsuite> <!-- org.thecollective.modules.PDPModuleTest -->
