<?xml version="1.0" encoding="UTF-8"?>
<!-- Generated by org.testng.reporters.JUnitReportReporter -->
<testsuite skipped="1" hostname="MGLT-CND6046GGC" name="org.thecollective.modules.MyAccountModuleTest" tests="7" failures="0" timestamp="30 Jan 2019 09:55:45 GMT" time="148.844" errors="0">
  <testcase name="verifyMyOrdersPage" time="26.077" classname="org.thecollective.modules.MyAccountModuleTest"/>
  <testcase name="verifyUpdateAddress" time="27.408" classname="org.thecollective.modules.MyAccountModuleTest"/>
  <testcase name="verifySavedItems" time="19.438" classname="org.thecollective.modules.MyAccountModuleTest"/>
  <testcase name="verifyMyAccountPage" time="22.779" classname="org.thecollective.modules.MyAccountModuleTest"/>
  <testcase name="verifyMyOrdersPageTabs" time="28.099" classname="org.thecollective.modules.MyAccountModuleTest"/>
  <testcase name="verifyLogoutFunInMyAccountPage" time="25.043" classname="org.thecollective.modules.MyAccountModuleTest"/>
  <testcase name="verifyChangePassword" classname="org.thecollective.modules.MyAccountModuleTest">
    <skipped/>
  </testcase> <!-- verifyChangePassword -->
</testsuite> <!-- org.thecollective.modules.MyAccountModuleTest -->
