<?xml version="1.0" encoding="UTF-8"?>
<!-- Generated by org.testng.reporters.JUnitReportReporter -->
<testsuite skipped="0" hostname="MGLT-CND6046GGC" name="org.thecollective.modules.PDPModuleTest" tests="2" failures="0" timestamp="27 Feb 2019 05:47:16 GMT" time="91.175" errors="0">
  <testcase name="verifyMyWishListFunctionality" time="44.175" classname="org.thecollective.modules.PDPModuleTest"/>
  <testcase name="verifyMyWishListFunctionalityAfterLogin" time="47.000" classname="org.thecollective.modules.PDPModuleTest"/>
</testsuite> <!-- org.thecollective.modules.PDPModuleTest -->
