<?xml version="1.0" encoding="UTF-8"?>
<!-- Generated by org.testng.reporters.JUnitReportReporter -->
<testsuite skipped="0" hostname="MGLT-CND6046GGC" name="org.thecollective.modules.BrandsModuleTest" tests="7" failures="0" timestamp="17 Aug 2018 08:35:51 GMT" time="142.537" errors="0">
  <testcase name="verifyProductsForWomenCategory" time="5.222" classname="org.thecollective.modules.BrandsModuleTest"/>
  <testcase name="checkAllStaticBrandsWomen" time="52.174" classname="org.thecollective.modules.BrandsModuleTest"/>
  <testcase name="verifyProductsForMenCategory" time="4.887" classname="org.thecollective.modules.BrandsModuleTest"/>
  <testcase name="verifyViewAllBrandsLinkforWomen" time="4.991" classname="org.thecollective.modules.BrandsModuleTest"/>
  <testcase name="verifyViewAllBrandsLinkforMen" time="5.476" classname="org.thecollective.modules.BrandsModuleTest"/>
  <testcase name="checkAllStaticBrandsMen" time="60.264" classname="org.thecollective.modules.BrandsModuleTest"/>
  <testcase name="restCallForBrandDirectory" time="9.523" classname="org.thecollective.modules.BrandsModuleTest"/>
</testsuite> <!-- org.thecollective.modules.BrandsModuleTest -->
