<?xml version="1.0" encoding="UTF-8"?>
<!-- Generated by org.testng.reporters.JUnitReportReporter -->
<testsuite skipped="1" hostname="MGLT-CND6046GGC" name="org.thecollective.modules.SignupModuleTest" tests="1" failures="0" timestamp="16 Aug 2018 10:00:26 GMT" time="0.000" errors="0">
  <testcase name="VerifySignUpFuncNeg" time="0.000" classname="org.thecollective.modules.SignupModuleTest">
    <skipped/>
  </testcase> <!-- VerifySignUpFuncNeg -->
</testsuite> <!-- org.thecollective.modules.SignupModuleTest -->
